

Incorrect page sub-module [2020-3-17 00:06:59]
Missing a file path [2020-3-17 00:21:39]
Missing a file path [2020-3-17 12:19:41]
Missing a file path [2020-3-17 12:20:25]
TypeError: res.choice.toLowerCase is not a function [2020-3-17 14:19:27]
TypeError: res.choice.toLowerCase is not a function [2020-3-17 14:28:10]
TypeError: res.choice.toLowerCase is not a function [2020-3-17 14:28:20]
TypeError: res.choice.toLowerCase is not a function [2020-3-17 14:28:44]
TypeError: res.choice.toLowerCase is not a function [2020-3-17 14:28:57]
TypeError: Cannot read property 'type' of undefined [2020-3-17 15:03:49]
TypeError: Cannot read property 'replace' of undefined [2020-3-17 15:36:42]
TypeError: Cannot read property 'replace' of undefined [2020-3-17 15:46:8]
Please enter a template name [2020-3-17 15:48:36]
TypeError: this.logger is not a function [2020-3-17 19:42:58]
Please enter a template name [2020-3-17 19:53:1]
TypeError: Cannot use 'in' operator to search for 'value' in true [2020-3-17 20:03:5]
TypeError: Cannot use 'in' operator to search for 'value' in true [2020-3-17 20:04:25]
TypeError: Cannot use 'in' operator to search for 'value' in true [2020-3-17 20:05:15]
TypeError: Cannot use 'in' operator to search for 'value' in true [2020-3-17 20:05:34]
Please enter a template name [2020-3-17 20:07:38]
TypeError: Cannot use 'in' operator to search for 'value' in true [2020-3-17 20:08:26]
TypeError: Cannot use 'in' operator to search for 'value' in true [2020-3-17 20:08:53]
TypeError: Cannot use 'in' operator to search for 'value' in true [2020-3-17 20:09:6]
TypeError: Cannot use 'in' operator to search for 'value' in true [2020-3-17 20:09:21]
TypeError: Cannot use 'in' operator to search for 'value' in true [2020-3-17 20:10:0]
TypeError: Cannot use 'in' operator to search for 'value' in true [2020-3-17 20:10:40]
Please enter a template name [2020-3-17 20:11:52]
Incorrect page sub-module [2020-3-17 20:25:32]
Missing a file path [2020-3-17 20:30:52]
Incorrect staxt module: [compile] [2020-3-17 20:39:41]
Incorrect compiler sub-module [2020-3-17 20:46:0]